This is e-pTeX, Version 3.14159265-p3.7.1-161114-2.6 (utf8.euc) (TeX Live 2017) (preloaded format=platex 2018.4.4)  26 MAR 2019 10:59
entering extended mode
 restricted \write18 enabled.
 file:line:error style messages enabled.
 %&-line parsing enabled.
**document.tex
(./document.tex
pLaTeX2e <2017/05/05> (based on LaTeX2e <2017-04-15>)
Babel <3.10> and hyphenation patterns for 84 language(s) loaded.
(/usr/local/texlive/2017/texmf-dist/tex/platex/base/jarticle.cls
Document Class: jarticle 2017/03/05 v1.7e Standard pLaTeX class
\c@@paper=\count82
(/usr/local/texlive/2017/texmf-dist/tex/platex/base/jsize10.clo
File: jsize10.clo 2017/03/05 v1.7e Standard pLaTeX file (size option)
)
\c@part=\count83
\c@section=\count84
\c@subsection=\count85
\c@subsubsection=\count86
\c@paragraph=\count87
\c@subparagraph=\count88
\c@figure=\count89
\c@table=\count90
\abovecaptionskip=\skip41
\belowcaptionskip=\skip42
\symmincho=\mathgroup4
LaTeX Font Info:    Overwriting symbol font `mincho' in version `bold'
(Font)                  JY1/mc/m/n --> JY1/gt/m/n on input line 613.
\toclineskip=\dimen118
\@lnumwidth=\dimen119
\bibindent=\dimen120
\heisei=\count91
)
(./setting.tex (./docmute.sty
Package: docmute 2012/03/22 v1.4 Input stand-alone documents
)
(/usr/local/texlive/2017/texmf-dist/tex/latex/caption/caption.sty
Package: caption 2016/02/21 v3.3-144 Customizing captions (AR)

(/usr/local/texlive/2017/texmf-dist/tex/latex/caption/caption3.sty
Package: caption3 2016/05/22 v1.7-166 caption3 kernel (AR)
Package caption3 Info: TeX engine: e-TeX on input line 67.

(/usr/local/texlive/2017/texmf-dist/tex/latex/graphics/keyval.sty
Package: keyval 2014/10/28 v1.15 key=value parser (DPC)
\KV@toks@=\toks15
)
\captionmargin=\dimen121
\captionmargin@=\dimen122
\captionwidth=\dimen123
\caption@tempdima=\dimen124
\caption@indent=\dimen125
\caption@parindent=\dimen126
\caption@hangindent=\dimen127
Package caption Info: Unknown document class (or package),
(caption)             standard defaults will be used.
)

Package caption Warning: Unsupported document class (or package) detected,
(caption)                usage of the caption package is not recommended.
See the caption package documentation for explanation.

Package caption Info: \@makecaption = \long macro:#1#2->\vskip \abovecaptionski
p \iftdir \sbox \@tempboxa {#1\hskip 1zw#2}\else \sbox \@tempboxa {#1: #2}\fi \
ifdim \wd \@tempboxa >\hsize \iftdir #1\hskip 1zw#2\relax \par \else #1: #2\rel
ax \par \fi \else \global \@minipagefalse \hb@xt@ \hsize {\hfil \box \@tempboxa
 \hfil }\fi \vskip \belowcaptionskip .
\c@ContinuedFloat=\count92
) (/usr/local/texlive/2017/texmf-dist/tex/latex/caption/subcaption.sty
Package: subcaption 2016/05/22 v1.1-161 Sub-captions (AR)
\c@subfigure=\count93
\c@subtable=\count94
)
(/usr/local/texlive/2017/texmf-dist/tex/latex/graphics/graphicx.sty
Package: graphicx 2014/10/28 v1.0g Enhanced LaTeX Graphics (DPC,SPQR)

(/usr/local/texlive/2017/texmf-dist/tex/latex/graphics/graphics.sty
Package: graphics 2017/04/14 v1.1b Standard LaTeX Graphics (DPC,SPQR)

(/usr/local/texlive/2017/texmf-dist/tex/latex/graphics/trig.sty
Package: trig 2016/01/03 v1.10 sin cos tan (DPC)
)
(/usr/local/texlive/2017/texmf-dist/tex/latex/graphics-cfg/graphics.cfg
File: graphics.cfg 2016/06/04 v1.11 sample graphics configuration
)
Package graphics Info: Driver file: dvipdfmx.def on input line 99.

(/usr/local/texlive/2017/texmf-dist/tex/latex/graphics-def/dvipdfmx.def
File: dvipdfmx.def 2016/07/11 v4.12 LaTeX color/graphics driver for dvipdfmx (L
3/ChoF)
))
\Gin@req@height=\dimen128
\Gin@req@width=\dimen129
)
(/usr/local/texlive/2017/texmf-dist/tex/latex/tools/longtable.sty
Package: longtable 2014/10/28 v4.11 Multi-page Table package (DPC)
\LTleft=\skip43
\LTright=\skip44
\LTpre=\skip45
\LTpost=\skip46
\LTchunksize=\count95
\LTcapwidth=\dimen130
\LT@head=\box42
\LT@firsthead=\box43
\LT@foot=\box44
\LT@lastfoot=\box45
\LT@cols=\count96
\LT@rows=\count97
\c@LT@tables=\count98
\c@LT@chunks=\count99
\LT@p@ftn=\toks16
)
(./texilikecover.sty
Package: texilikecover 2007/04/05 v 0.1: Texi-like cover for LaTeX2e.
)
(/usr/local/texlive/2017/texmf-dist/tex/latex/listliketab/listliketab.sty
Package: listliketab 2005/01/09 v1.0a Create list-like tabulars

(/usr/local/texlive/2017/texmf-dist/tex/latex/tools/calc.sty
Package: calc 2014/10/28 v4.3 Infix arithmetic (KKT,FJ)
\calc@Acount=\count100
\calc@Bcount=\count101
\calc@Adimen=\dimen131
\calc@Bdimen=\dimen132
\calc@Askip=\skip47
\calc@Bskip=\skip48
LaTeX Info: Redefining \setlength on input line 80.
LaTeX Info: Redefining \addtolength on input line 81.
\calc@Ccount=\count102
\calc@Cskip=\skip49
)
(/usr/local/texlive/2017/texmf-dist/tex/latex/tools/array.sty
Package: array 2016/10/06 v2.4d Tabular extension package (FMi)
\col@sep=\dimen133
\extrarowheight=\dimen134
\NC@list=\toks17
\extratabsurround=\skip50
\backup@length=\skip51
)
\llt@labelwidth=\skip52
\llt@labelsep=\skip53
\llt@topsep=\skip54
\llt@rightmargin=\skip55
\llt@tab@indent=\skip56
\llt@bot@sep=\skip57
\llt@arraystretch=\skip58
\llt@list@box=\box46
)
(/usr/local/texlive/2017/texmf-dist/tex/platex/base/ascmac.sty
Package: ascmac 2016/08/21 v2.0c ascmac wrapper (community edition) 

(/usr/local/texlive/2017/texmf-dist/tex/platex/base/tascmac.sty
Package: tascmac 2016/08/21 v2.0c ascmac package (community edition) 
\@savetbaselineshift=\dimen135
\@saveybaselineshift=\dimen136
\scb@x=\box47
\scscb@x=\box48
\@bw=\dimen137
\@nbox=\box49
\@nbody=\box50
\@scw=\dimen138
\@itemh=\dimen139
\@iboxpos=\toks18
\@iboxstr=\box51
\@bwsp=\box52
\@@bwsp=\box53
\@bcal=\count103
\shaderule=\dimen140
))
(/usr/local/texlive/2017/texmf-dist/tex/latex/comment/comment.sty
\CommentStream=\write3

Excluding comment 'comment')
(/usr/local/texlive/2017/texmf-dist/tex/latex/here/here.sty)
(/usr/local/texlive/2017/texmf-dist/tex/latex/float/float.sty
Package: float 2001/11/08 v1.3d Float enhancements (AL)
\c@float@type=\count104
\float@exts=\toks19
\float@box=\box54
\@float@everytoks=\toks20
\@floatcapt=\box55
)) (./mediabb.sty
Package: mediabb 2013/03/12 v1.10 iNOUE Koich! <inoue@ma.ns.tcu.ac.jp>
) (./00/title.tex (./setting.tex)) (./document.aux (./01/01tojitu_junbi.aux)
(./02/02nimotu_hannyu.aux) (./03/03senkentai.aux) (./04/04uketuke.aux)
(./05/05kokentai.aux) (./06/06bus_iki.aux) (./07/07hata_totyaku.aux)
(./08/08nyusyosiki_kyoinsyokai.aux) (./09/09yagaisuiji.aux) (./10/10nyuyoku.aux
) (./11/11utage.aux) (./12/12zenjitu_junbi.aux) (./13/13hone_talk.aux)
(./14/14utiawase.aux) (./15/15syushin.aux) (./16/16kisyo.aux)
(./17/17asanotudoi.aux) (./18/18tyosyoku.aux) (./19/19tyosyokugonougoki.aux)
(./10/20.aux) (./21/21ice_breaking.aux) (./22/22tsumutsumu.aux) (./23/23.aux)
(./24/24hyosyosiki_taisyosiki.aux) (./25/25tyusyoku.aux) (./26/26bus_kaeri.aux)
(./27/27kataduke.aux) (./28/28daigaku_totyakugo.aux))
\openout1 = `document.aux'.

LaTeX Font Info:    Checking defaults for OML/cmm/m/it on input line 19.
LaTeX Font Info:    ... okay on input line 19.
LaTeX Font Info:    Checking defaults for T1/cmr/m/n on input line 19.
LaTeX Font Info:    ... okay on input line 19.
LaTeX Font Info:    Checking defaults for OT1/cmr/m/n on input line 19.
LaTeX Font Info:    ... okay on input line 19.
LaTeX Font Info:    Checking defaults for OMS/cmsy/m/n on input line 19.
LaTeX Font Info:    ... okay on input line 19.
LaTeX Font Info:    Checking defaults for OMX/cmex/m/n on input line 19.
LaTeX Font Info:    ... okay on input line 19.
LaTeX Font Info:    Checking defaults for U/cmr/m/n on input line 19.
LaTeX Font Info:    ... okay on input line 19.
LaTeX Font Info:    Checking defaults for JY1/mc/m/n on input line 19.
LaTeX Font Info:    ... okay on input line 19.
LaTeX Font Info:    Checking defaults for JT1/mc/m/n on input line 19.
LaTeX Font Info:    ... okay on input line 19.
Package caption Info: Begin \AtBeginDocument code.
Package caption Info: float package is loaded.
Package caption Info: longtable package is loaded.

(/usr/local/texlive/2017/texmf-dist/tex/latex/caption/ltcaption.sty
Package: ltcaption 2013/06/09 v1.4-94 longtable captions (AR)
)
Package caption Info: End \AtBeginDocument code.
\docmute@nestinglevel=\count105
LaTeX Font Info:    Font shape `JT1/mc/bx/n' in size <20.74> not available
(Font)              Font shape `JT1/gt/m/n' tried instead on input line 21.
LaTeX Font Info:    Font shape `JY1/mc/bx/n' in size <20.74> not available
(Font)              Font shape `JY1/gt/m/n' tried instead on input line 21.
LaTeX Font Info:    Font shape `JT1/mc/bx/n' in size <10> not available
(Font)              Font shape `JT1/gt/m/n' tried instead on input line 21.
LaTeX Font Info:    Font shape `JY1/mc/bx/n' in size <10> not available
(Font)              Font shape `JY1/gt/m/n' tried instead on input line 21.
LaTeX Font Info:    Font shape `JT1/mc/bx/n' in size <14.4> not available
(Font)              Font shape `JT1/gt/m/n' tried instead on input line 21.
LaTeX Font Info:    Font shape `JY1/mc/bx/n' in size <14.4> not available
(Font)              Font shape `JY1/gt/m/n' tried instead on input line 21.
LaTeX Font Info:    Font shape `JT1/mc/bx/n' in size <12> not available
(Font)              Font shape `JT1/gt/m/n' tried instead on input line 21.
LaTeX Font Info:    Font shape `JY1/mc/bx/n' in size <12> not available
(Font)              Font shape `JY1/gt/m/n' tried instead on input line 21.
 [1

]
(./document.toc
LaTeX Font Info:    External font `cmex10' loaded for size
(Font)              <7> on input line 2.
LaTeX Font Info:    External font `cmex10' loaded for size
(Font)              <5> on input line 2.
 [2

]

LaTeX Warning: Reference `fig:bus_memberHaichi1' on page 27 undefined on input 
line 42.

[3] [4] [5])
\tf@toc=\write4
\openout4 = `document.toc'.

 [6]
\openout2 = `./01/01tojitu_junbi.aux'.

 (./01/01tojitu_junbi.tex
Overfull \hbox (1.68916pt too wide) in paragraph at lines 28--28
[]|$\OMS/cmsy/m/n/10 ^^X$\OT1/cmr/m/n/10 06:00| 
 []

LaTeX Font Info:    Try loading font information for OMS+cmr on input line 29.
(/usr/local/texlive/2017/texmf-dist/tex/latex/base/omscmr.fd
File: omscmr.fd 2014/09/29 v2.5h Standard LaTeX font definitions
)
LaTeX Font Info:    Font shape `OMS/cmr/m/n' in size <10> not available
(Font)              Font shape `OMS/cmsy/m/n' tried instead on input line 29.
) [7

] [8]
\openout2 = `./02/02nimotu_hannyu.aux'.


(./02/02nimotu_hannyu.tex) [9


]
\openout2 = `./03/03senkentai.aux'.

 (./03/03senkentai.tex [10


]
File: ./03/nimotu.eps Graphic file (type eps)
 <./03/nimotu.eps>
[11] [12]
File: ./03/situ.eps Graphic file (type eps)
 <./03/situ.eps>
File: ./03/nyushosiki.eps Graphic file (type eps)
 <./03/nyushosiki.eps> [13]
File: ./03/yuudou.eps Graphic file (type eps)
 <./03/yuudou.eps>
File: ./03/yuudou2.eps Graphic file (type eps)

<./03/yuudou2.eps> [14]) [15]
\openout2 = `./04/04uketuke.aux'.

 (./04/04uketuke.tex [16


] [17] [18] [19] [20]
File: ./04/bus_memberHaichi2.eps Graphic file (type eps)

<./04/bus_memberHaichi2.eps>
File: ./04/uketsuke_k202Haichi.eps Graphic file (type eps)
 <./04/uketsuke_k202Haichi.eps>
File: ./04/uketsuke_k203Haichi.eps Graphic file (type eps)

<./04/uketsuke_k203Haichi.eps> [21] [22]) [23]
\openout2 = `./05/05kokentai.aux'.

 (./05/05kokentai.tex) [24


]
\openout2 = `./06/06bus_iki.aux'.


(./06/06bus_iki.tex
Underfull \hbox (badness 10000) in paragraph at lines 28--29
\JY1/mc/m/n/10 能性
 []


Underfull \hbox (badness 10000) in paragraph at lines 28--29
\JY1/mc/m/n/10 あり
 []

[25


] [26]

LaTeX Warning: Reference `fig:bus_memberHaichi1' on page 27 undefined on input 
line 118.

File: ./06/baggage_place_1.eps Graphic file (type eps)
<./06/baggage_place_1.eps>
File: ./06/baggage_place_2.eps Graphic file (type eps)
 <./06/baggage_place_2.eps>
Overfull \hbox (15.33334pt too wide) in paragraph at lines 140--155
[][] 
 []

[27]) [28]
\openout2 = `./07/07hata_totyaku.aux'.

 (./07/07hata_totyaku.tex [29


] [30]) [31]
\openout2 = `./08/08nyusyosiki_kyoinsyokai.aux'.


(./08/08nyusyosiki_kyoinsyokai.tex [32


]
File: ./08/nakayosihiroma_nyusyosiki.eps Graphic file (type eps)
 <./08/nakayosihiroma_nyusyosiki.eps>
[33]) [34

]
\openout2 = `./09/09yagaisuiji.aux'.

 (./09/09yagaisuiji.tex [35


] [36]
File: ./09/yagaisuijihanwake.eps Graphic file (type eps)
 <./09/yagaisuijihanwake.eps>
[37] [38]
File: ./09/yagaisuiji.eps Graphic file (type eps)
 <./09/yagaisuiji.eps> [39] [40]) [41]
\openout2 = `./10/10nyuyoku.aux'.

 (./10/10nyuyoku.tex [42


]
[43]) [44]
\openout2 = `./11/11utage.aux'.

 (./11/11utage.tex [45


]) [46]
\openout2 = `./12/12zenjitu_junbi.aux'.

 (./12/12zenjitu_junbi.tex [47


])
[48]
\openout2 = `./13/13hone_talk.aux'.

 (./13/13hone_talk.tex) [49


]
\openout2 = `./14/14utiawase.aux'.

 (./14/14utiawase.tex) [50


]
\openout2 = `./15/15syushin.aux'.

 (./15/15syushin.tex [51


]) [52]
\openout2 = `./16/16kisyo.aux'.

 (./16/16kisyo.tex [53


]
File: ./16/futon_katazuke.eps Graphic file (type eps)
 <./16/futon_katazuke.eps>) [54

]
\openout2 = `./17/17asanotudoi.aux'.


(./17/17asanotudoi.tex
Underfull \hbox (badness 10000) in paragraph at lines 28--28
[]|  \OMS/cmsy/m/n/10 ^^O  \JY1/mc/m/n/10 その他のスタ ッ フは正面広間に到着後 
， 誘導係
 []


Underfull \hbox (badness 8113) in paragraph at lines 28--28
\OT1/cmr/m/n/10 (???\JY1/mc/m/n/10 ， \OT1/cmr/m/n/10 ???\JY1/mc/m/n/10 ， \OT1
/cmr/m/n/10 ???\JY1/mc/m/n/10 ， \OT1/cmr/m/n/10 ???\JY1/mc/m/n/10 ， \OT1/cmr/
m/n/10 ???\JY1/mc/m/n/10 ， \OT1/cmr/m/n/10 ???\JY1/mc/m/n/10 ， \OT1/cmr/m/n/1
0 ???\JY1/mc/m/n/10 ， \OT1/cmr/m/n/10 ???)\JY1/mc/m/n/10 ， 整列係 \OT1/cmr/m/
n/10 (???\JY1/mc/m/n/10 ， \OT1/cmr/m/n/10 ???) \JY1/mc/m/n/10 の指示に従 っ て
新
 []

[55


]
Underfull \hbox (badness 10000) in paragraph at lines 58--58
[]|  \OMS/cmsy/m/n/10 ^^O  \JY1/mc/m/n/10 その他のスタ ッ フは大研修室に到着後 
， 誘導係
 []


Underfull \hbox (badness 8113) in paragraph at lines 58--58
\OT1/cmr/m/n/10 (???\JY1/mc/m/n/10 ， \OT1/cmr/m/n/10 ???\JY1/mc/m/n/10 ， \OT1
/cmr/m/n/10 ???\JY1/mc/m/n/10 ， \OT1/cmr/m/n/10 ???\JY1/mc/m/n/10 ， \OT1/cmr/
m/n/10 ???\JY1/mc/m/n/10 ， \OT1/cmr/m/n/10 ???\JY1/mc/m/n/10 ， \OT1/cmr/m/n/1
0 ???\JY1/mc/m/n/10 ， \OT1/cmr/m/n/10 ???)\JY1/mc/m/n/10 ， 整列係 \OT1/cmr/m/
n/10 (???\JY1/mc/m/n/10 ， \OT1/cmr/m/n/10 ???) \JY1/mc/m/n/10 の指示に従 っ て
新
 []


Overfull \vbox (6.74593pt too high) has occurred while \output is active []


[56]
File: ./17/asanotudoihaiti.eps Graphic file (type eps)
 <./17/asanotudoihaiti.eps>

LaTeX Warning: `h' float specifier changed to `ht'.

File: ./17/asanozu.eps Graphic file (type eps)
<./17/asanozu.eps>

LaTeX Warning: `h' float specifier changed to `ht'.

) [57] [58]
\openout2 = `./18/18tyosyoku.aux'.

 (./18/18tyosyoku.tex) [59


]
\openout2 = `./19/19tyosyokugonougoki.aux'.

 (./19/19tyosyokugonougoki.tex
Underfull \hbox (badness 2376) in paragraph at lines 28--30
[]|  \OMS/cmsy/m/n/10 ^^O  \JY1/mc/m/n/10 体育館でプラカ ードを持つスタ ッ フ \
OT1/cmr/m/n/10 (???\JY1/mc/m/n/10 ， \OT1/cmr/m/n/10 ???\JY1/mc/m/n/10 ， \OT1/
cmr/m/n/10 ???\JY1/mc/m/n/10 ， \OT1/cmr/m/n/10 ???\JY1/mc/m/n/10 ， \OT1/cmr/m
/n/10 ???\JY1/mc/m/n/10 ， \OT1/cmr/m/n/10 ???\JY1/mc/m/n/10 ， \OT1/cmr/m/n/10
 ???,
 []


Underfull \hbox (badness 10000) in paragraph at lines 35--36
[]|  \OMS/cmsy/m/n/10 ^^O  \JY1/mc/m/n/10 体育館に移動する前に ， 宿泊棟から体
育館への誘導係
 []


Underfull \hbox (badness 2626) in paragraph at lines 35--36
\OT1/cmr/m/n/10 (???\JY1/mc/m/n/10 ， \OT1/cmr/m/n/10 ???\JY1/mc/m/n/10 ， \OT1
/cmr/m/n/10 ???\JY1/mc/m/n/10 ， \OT1/cmr/m/n/10 ???\JY1/mc/m/n/10 ， \OT1/cmr/
m/n/10 ???\JY1/mc/m/n/10 ， \OT1/cmr/m/n/10 ???\JY1/mc/m/n/10 ， \OT1/cmr/m/n/1
0 ???\JY1/mc/m/n/10 ， \OT1/cmr/m/n/10 ???) \JY1/mc/m/n/10 は ， 新入生に体育館
にしおりと筆記用
 []

[60


] [61]
File: ./19/Eventhanwake.eps Graphic file (type eps)
 <./19/Eventhanwake.eps>
File: ./19/nimotu2.eps Graphic file (type eps)
 <./19/nimotu2.eps>) [62]
\openout2 = `./10/20.aux'.


No file ./10/20.tex.
\openout2 = `./21/21ice_breaking.aux'.

(./21/21ice_breaking.tex
File: ./21/ice.eps Graphic file (type eps)
 <./21/ice.eps> [63




]) [64]
\openout2 = `./22/22tsumutsumu.aux'.

 (./22/22tsumutsumu.tex
[65


] [66]
File: ./22/ice.eps Graphic file (type eps)
 <./22/ice.eps> [67]) [68]
\openout2 = `./23/23.aux'.

 (./23/23.tex
File: ./23/tudoi.eps Graphic file (type eps)
 <./23/tudoi.eps> [69


])
[70]
\openout2 = `./24/24hyosyosiki_taisyosiki.aux'.

 (./24/24hyosyosiki_taisyosiki.tex [71


]
File: ./24/hyosyosiki_taisyosiki.eps Graphic file (type eps)
 <./24/hyosyosiki_taisyosiki.eps>)
[72]
\openout2 = `./25/25tyusyoku.aux'.

 (./25/25tyusyoku.tex [73


]) [74]
\openout2 = `./26/26bus_kaeri.aux'.

 (./26/26bus_kaeri.tex [75


]) [76]
\openout2 = `./27/27kataduke.aux'.


(./27/27kataduke.tex
File: ./27/syomenhiromacar.eps Graphic file (type eps)
 <./27/syomenhiromacar.eps>

LaTeX Warning: `h' float specifier changed to `ht'.

) [77


] [78]
\openout2 = `./28/28daigaku_totyakugo.aux'.

 (./28/28daigaku_totyakugo.tex) [79


]

Package caption Warning: Unused \captionsetup[sub] on input line 4.
See the caption package documentation for explanation.

(./document.aux (./01/01tojitu_junbi.aux) (./02/02nimotu_hannyu.aux)
(./03/03senkentai.aux) (./04/04uketuke.aux) (./05/05kokentai.aux)
(./06/06bus_iki.aux) (./07/07hata_totyaku.aux)
(./08/08nyusyosiki_kyoinsyokai.aux) (./09/09yagaisuiji.aux) (./10/10nyuyoku.aux
) (./11/11utage.aux) (./12/12zenjitu_junbi.aux) (./13/13hone_talk.aux)
(./14/14utiawase.aux) (./15/15syushin.aux) (./16/16kisyo.aux)
(./17/17asanotudoi.aux) (./18/18tyosyoku.aux) (./19/19tyosyokugonougoki.aux)
(./10/20.aux) (./21/21ice_breaking.aux) (./22/22tsumutsumu.aux) (./23/23.aux)
(./24/24hyosyosiki_taisyosiki.aux) (./25/25tyusyoku.aux) (./26/26bus_kaeri.aux)
(./27/27kataduke.aux) (./28/28daigaku_totyakugo.aux))

LaTeX Warning: There were undefined references.

 ) 
Here is how much of TeX's memory you used:
 2624 strings out of 493653
 41317 string characters out of 6148875
 126128 words of memory out of 5000000
 5963 multiletter control sequences out of 15000+600000
 11583 words of font info for 47 fonts, out of 8000000 for 9000
 929 hyphenation exceptions out of 8191
 38i,12n,41p,480b,487s stack positions out of 5000i,500n,10000p,200000b,80000s

Output written on document.dvi (79 pages, 238876 bytes).
